[ { header:
     { similarity: '47.37',
       thumbnail:
        'https://img1.saucenao.com/res/pixiv/5950/manga/59508756_p12.jpg?auth=Oh2MGLNfYDiOKe8xTZrefA&exp=1578849033',
       index_id: 5,
       index_name: 'Index #5: Pixiv Images - 59508756_p12.jpg' },
    data:
     { ext_urls: [Array],
       title: 'Twitterのやつ',
       pixiv_id: 59508756,
       member_name: 'しゃ〜くそ',
       member_id: 5570166 } },
  { header:
     { similarity: '49.52',
       thumbnail:
        'https://img1.saucenao.com/res/pixiv/7554/manga/75541003_p7.jpg?auth=NyYluXtuhQeuNlF7gSTH7g&exp=1578849033',
       index_id: 5,
       index_name: 'Index #5: Pixiv Images - 75541003_p7.jpg' },
    data:
     { ext_urls: [Array],
       title: 'DBログ8',
       pixiv_id: 75541003,
       member_name: 'Я次',
       member_id: 14645321 } },
  { header:
     { similarity: '47.13',
       thumbnail:
        'https://img3.saucenao.com/booru/3/d/3def5e1f40144c001636b1653d92d74b_2.jpg',
       index_id: 9,
       index_name:
        'Index #9: Danbooru - 3def5e1f40144c001636b1653d92d74b_0.jpg' },
    data:
     { ext_urls: [Array],
       danbooru_id: 2618554,
       gelbooru_id: 3543763,
       sankaku_id: 5850776,
       creator: 'shigunyan',
       material: 'granblue fantasy',
       characters: 'superstar (granblue fantasy), djeeta (granblue fantasy)',
       source:
        'http://i4.pixiv.net/img-original/img/2017/02/04/00/09/06/61263779' } } ]
